2026-03-31T00:16:11.838-05:00  WARN 10780 --- [restaurant-service] [HikariPool-1:housekeeper] com.zaxxer.hikari.pool.HikariPool        : HikariPool-1 - Thread starvation or clock leap detected (housekeeper delta=50m35s151ms314µs900ns).
2026-03-31T00:27:41.479-05:00  INFO 10780 --- [restaurant-service] [SpringApplicationShutdownHook] o.s.boot.tomcat.GracefulShutdown         : Commencing graceful shutdown. Waiting for active requests to complete
2026-03-31T00:27:41.611-05:00  INFO 10780 --- [restaurant-service] [tomcat-shutdown] o.s.boot.tomcat.GracefulShutdown         : Graceful shutdown complete
2026-03-31T00:27:41.710-05:00  INFO 10780 --- [restaurant-service] [SpringApplicationShutdownHook] j.LocalContainerEntityManagerFactoryBean : Closing JPA EntityManagerFactory for persistence unit 'default'
2026-03-31T00:27:41.790-05:00  INFO 10780 --- [restaurant-service] [SpringApplicationShutdownHook] com.zaxxer.hikari.HikariDataSource       : HikariPool-1 - Shutdown initiated...
2026-03-31T00:27:41.885-05:00  INFO 10780 --- [restaurant-service] [SpringApplicationShutdownHook] com.zaxxer.hikari.HikariDataSource       : HikariPool-1 - Shutdown completed.
2026-03-31T00:28:34.512-05:00  INFO 20116 --- [restaurant-service] [main] c.f.r.RestaurantServiceApplication       : Starting RestaurantServiceApplication using Java 23.0.2 with PID 20116 (C:\Users\shash\Documents\deliveryfood\restaurant-service\target\classes started by shash in C:\Users\shash\Documents\deliveryfood\restaurant-service)
2026-03-31T00:28:34.524-05:00  INFO 20116 --- [restaurant-service] [main] c.f.r.RestaurantServiceApplication       : No active profile set, falling back to 1 default profile: "default"
2026-03-31T00:28:37.492-05:00  INFO 20116 --- [restaurant-service] [main] .s.d.r.c.RepositoryConfigurationDelegate : Bootstrapping Spring Data JPA repositories in DEFAULT mode.
2026-03-31T00:28:37.777-05:00  INFO 20116 --- [restaurant-service] [main] .s.d.r.c.RepositoryConfigurationDelegate : Finished Spring Data repository scanning in 231 ms. Found 2 JPA repository interfaces.
2026-03-31T00:28:40.468-05:00  INFO 20116 --- [restaurant-service] [main] o.s.boot.tomcat.TomcatWebServer          : Tomcat initialized with port 8082 (http)
2026-03-31T00:28:40.550-05:00  INFO 20116 --- [restaurant-service] [main] o.apache.catalina.core.StandardService   : Starting service [Tomcat]
2026-03-31T00:28:40.554-05:00  INFO 20116 --- [restaurant-service] [main] o.apache.catalina.core.StandardEngine    : Starting Servlet engine: [Apache Tomcat/11.0.18]
2026-03-31T00:28:40.870-05:00  INFO 20116 --- [restaurant-service] [main] b.w.c.s.WebApplicationContextInitializer : Root WebApplicationContext: initialization completed in 6090 ms
2026-03-31T00:28:42.019-05:00  INFO 20116 --- [restaurant-service] [main] org.hibernate.orm.jpa                    : HHH008540: Processing PersistenceUnitInfo [name: default]
2026-03-31T00:28:42.566-05:00  INFO 20116 --- [restaurant-service] [main] org.hibernate.orm.core                   : HHH000001: Hibernate ORM core version 7.2.4.Final
2026-03-31T00:28:45.129-05:00  INFO 20116 --- [restaurant-service] [main] o.s.o.j.p.SpringPersistenceUnitInfo      : No LoadTimeWeaver setup: ignoring JPA class transformer
2026-03-31T00:28:45.303-05:00  INFO 20116 --- [restaurant-service] [main] com.zaxxer.hikari.HikariDataSource       : HikariPool-1 - Starting...
2026-03-31T00:28:52.183-05:00  INFO 20116 --- [restaurant-service] [main] com.zaxxer.hikari.pool.HikariPool        : HikariPool-1 - Added connection com.mysql.cj.jdbc.ConnectionImpl@4f4d05b3
2026-03-31T00:28:52.192-05:00  INFO 20116 --- [restaurant-service] [main] com.zaxxer.hikari.HikariDataSource       : HikariPool-1 - Start completed.
2026-03-31T00:28:52.543-05:00  WARN 20116 --- [restaurant-service] [main] org.hibernate.orm.deprecation            : HHH90000025: MySQLDialect does not need to be specified explicitly using 'hibernate.dialect' (remove the property setting and it will be selected by default)
2026-03-31T00:28:52.648-05:00  INFO 20116 --- [restaurant-service] [main] org.hibernate.orm.connections.pooling    : HHH10001005: Database info:
	Database JDBC URL [jdbc:mysql://localhost:3306/foodservice]
	Database driver: MySQL Connector/J
	Database dialect: MySQLDialect
	Database version: 8.0.41
	Default catalog/schema: foodservice/undefined
	Autocommit mode: undefined/unknown
	Isolation level: REPEATABLE_READ [default REPEATABLE_READ]
	JDBC fetch size: none
	Pool: DataSourceConnectionProvider
	Minimum pool size: undefined/unknown
	Maximum pool size: undefined/unknown
2026-03-31T00:28:57.558-05:00  INFO 20116 --- [restaurant-service] [main] org.hibernate.orm.core                   : HHH000489: No JTA platform available (set 'hibernate.transaction.jta.platform' to enable JTA platform integration)
2026-03-31T00:28:58.551-05:00  INFO 20116 --- [restaurant-service] [main] j.LocalContainerEntityManagerFactoryBean : Initialized JPA EntityManagerFactory for persistence unit 'default'
2026-03-31T00:28:59.328-05:00  INFO 20116 --- [restaurant-service] [main] o.s.d.j.r.query.QueryEnhancerFactories   : Hibernate is in classpath; If applicable, HQL parser will be used.
2026-03-31T00:29:01.204-05:00  WARN 20116 --- [restaurant-service] [main] JpaBaseConfiguration$JpaWebConfiguration : spring.jpa.open-in-view is enabled by default. Therefore, database queries may be performed during view rendering. Explicitly configure spring.jpa.open-in-view to disable this warning
2026-03-31T00:29:03.226-05:00  INFO 20116 --- [restaurant-service] [main] o.s.boot.tomcat.TomcatWebServer          : Tomcat started on port 8082 (http) with context path '/'
2026-03-31T00:29:03.237-05:00  INFO 20116 --- [restaurant-service] [main] c.f.r.RestaurantServiceApplication       : Started RestaurantServiceApplication in 31.402 seconds (process running for 33.747)
